<?xml version="1.0" encoding="UTF-8"?>
<!-- Generated by org.testng.reporters.JUnitReportReporter -->
<testsuite skipped="0" hostname="Alistair" name="testCases.TestPersonalPage" tests="1" failures="0" timestamp="11 Jan 2018 22:23:02 GMT" time="77.182" errors="0">
  <testcase name="personalPageFunctions" time="77.182" classname="testCases.TestPersonalPage"/>
</testsuite> <!-- testCases.TestPersonalPage -->
