<?xml version="1.0" encoding="UTF-8"?>
<!-- Generated by org.testng.reporters.JUnitReportReporter -->
<testsuite skipped="0" hostname="Alistair" name="testCases.TestLoginPage" tests="1" failures="0" timestamp="22 Jan 2018 20:43:36 GMT" time="20.134" errors="0">
  <testcase name="loginButton" time="20.134" classname="testCases.TestLoginPage"/>
</testsuite> <!-- testCases.TestLoginPage -->
