<?xml version="1.0" encoding="UTF-8"?>
<!-- Generated by org.testng.reporters.JUnitReportReporter -->
<testsuite skipped="0" hostname="Alistair" name="testCases.TestPersonalPage" tests="35" failures="0" timestamp="12 Jan 2018 15:47:34 GMT" time="413.182" errors="0">
  <testcase name="testFindDoctor" time="12.035" classname="testCases.TestPersonalPage"/>
  <testcase name="testIndividualFamilyPlan" time="10.196" classname="testCases.TestPersonalPage"/>
  <testcase name="testSearchBar" time="14.930" classname="testCases.TestPersonalPage"/>
  <testcase name="testCignaMedicare" time="11.748" classname="testCases.TestPersonalPage"/>
  <testcase name="testInternationalIndividualPlan" time="10.594" classname="testCases.TestPersonalPage"/>
  <testcase name="testOfferCignaThroughWork" time="12.227" classname="testCases.TestPersonalPage"/>
  <testcase name="testHealthWellness" time="9.833" classname="testCases.TestPersonalPage"/>
  <testcase name="testMainLogo" time="13.238" classname="testCases.TestPersonalPage"/>
  <testcase name="testMoreInformation" time="13.500" classname="testCases.TestPersonalPage"/>
  <testcase name="testViewDetails" time="12.299" classname="testCases.TestPersonalPage"/>
  <testcase name="testSeeVideo" time="10.665" classname="testCases.TestPersonalPage"/>
  <testcase name="testHearWhatYouNeed" time="12.303" classname="testCases.TestPersonalPage"/>
  <testcase name="testDownloadAPP" time="12.972" classname="testCases.TestPersonalPage"/>
  <testcase name="testListenNow" time="10.494" classname="testCases.TestPersonalPage"/>
  <testcase name="testReadMore" time="12.163" classname="testCases.TestPersonalPage"/>
  <testcase name="testNews" time="12.785" classname="testCases.TestPersonalPage"/>
  <testcase name="testInvestors" time="10.230" classname="testCases.TestPersonalPage"/>
  <testcase name="testCoperate" time="10.107" classname="testCases.TestPersonalPage"/>
  <testcase name="testFindADoctor" time="11.432" classname="testCases.TestPersonalPage"/>
  <testcase name="testInformedOnReport" time="12.844" classname="testCases.TestPersonalPage"/>
  <testcase name="testMopileApp" time="13.231" classname="testCases.TestPersonalPage"/>
  <testcase name="testContactAs" time="12.824" classname="testCases.TestPersonalPage"/>
  <testcase name="testFeedback" time="12.012" classname="testCases.TestPersonalPage"/>
  <testcase name="testLinkedin" time="9.932" classname="testCases.TestPersonalPage"/>
  <testcase name="testFacebook" time="10.187" classname="testCases.TestPersonalPage"/>
  <testcase name="testTwitter" time="10.679" classname="testCases.TestPersonalPage"/>
  <testcase name="testYoutube" time="12.477" classname="testCases.TestPersonalPage"/>
  <testcase name="testGoogle" time="11.755" classname="testCases.TestPersonalPage"/>
  <testcase name="testPinIntrest" time="11.453" classname="testCases.TestPersonalPage"/>
  <testcase name="testWeibo" time="11.318" classname="testCases.TestPersonalPage"/>
  <testcase name="testInstragram" time="10.090" classname="testCases.TestPersonalPage"/>
  <testcase name="testViewAll" time="17.111" classname="testCases.TestPersonalPage"/>
  <testcase name="testNorton" time="10.091" classname="testCases.TestPersonalPage"/>
  <testcase name="testFeedbackSideLink" time="13.768" classname="testCases.TestPersonalPage"/>
  <testcase name="testSign" time="9.659" classname="testCases.TestPersonalPage"/>
</testsuite> <!-- testCases.TestPersonalPage -->
