<?xml version="1.0" encoding="UTF-8"?>
<!-- Generated by org.testng.reporters.JUnitReportReporter -->
<testsuite skipped="0" hostname="Alistair" name="testCases.TestLoginPage" tests="1" failures="0" timestamp="13 Jan 2018 14:04:47 GMT" time="32.189" errors="0">
  <testcase name="loginButton" time="32.189" classname="testCases.TestLoginPage"/>
</testsuite> <!-- testCases.TestLoginPage -->
