<?xml version="1.0" encoding="UTF-8"?>
<!-- Generated by org.testng.reporters.JUnitReportReporter -->
<testsuite skipped="0" hostname="Alistair" name="testCases.TestLoginPage" tests="2" failures="0" timestamp="23 Jan 2018 16:16:06 GMT" time="37.845" errors="0">
  <testcase name="loginButton" time="13.909" classname="testCases.TestLoginPage"/>
  <testcase name="regrister1" time="23.936" classname="testCases.TestLoginPage"/>
</testsuite> <!-- testCases.TestLoginPage -->
