<?xml version="1.0" encoding="UTF-8"?>
<!-- Generated by org.testng.reporters.JUnitReportReporter -->
<testsuite skipped="10" hostname="DESKTOP-N7G69G5" name="testCases.TestSearchPage" tests="11" failures="0" timestamp="11 Jan 2018 20:48:51 GMT" time="27.081" errors="0">
  <testcase name="testScrollDown" time="27.081" classname="testCases.TestSearchPage"/>
  <testcase name="testPriceFilterBox" classname="testCases.TestSearchPage">
    <skipped/>
  </testcase> <!-- testPriceFilterBox -->
  <testcase name="testDecrementQuantityBox" classname="testCases.TestSearchPage">
    <skipped/>
  </testcase> <!-- testDecrementQuantityBox -->
  <testcase name="testSortByHighToLow" classname="testCases.TestSearchPage">
    <skipped/>
  </testcase> <!-- testSortByHighToLow -->
  <testcase name="testPriceFilterFeature" classname="testCases.TestSearchPage">
    <skipped/>
  </testcase> <!-- testPriceFilterFeature -->
  <testcase name="testSortByTopRated" classname="testCases.TestSearchPage">
    <skipped/>
  </testcase> <!-- testSortByTopRated -->
  <testcase name="testSortByLowToHigh" classname="testCases.TestSearchPage">
    <skipped/>
  </testcase> <!-- testSortByLowToHigh -->
  <testcase name="testListSortBy" classname="testCases.TestSearchPage">
    <skipped/>
  </testcase> <!-- testListSortBy -->
  <testcase name="testIncrementQuantityBox" classname="testCases.TestSearchPage">
    <skipped/>
  </testcase> <!-- testIncrementQuantityBox -->
  <testcase name="testSortByBestMatch" classname="testCases.TestSearchPage">
    <skipped/>
  </testcase> <!-- testSortByBestMatch -->
  <testcase name="testSortByTopSeller" classname="testCases.TestSearchPage">
    <skipped/>
  </testcase> <!-- testSortByTopSeller -->
</testsuite> <!-- testCases.TestSearchPage -->
