<?xml version="1.0" encoding="UTF-8"?>
<!-- Generated by org.testng.reporters.JUnitReportReporter -->
<testsuite skipped="5" hostname="DESKTOP-N7G69G5" name="testCases.TestLoginPage" tests="6" failures="0" timestamp="11 Jan 2018 19:28:47 GMT" time="22.422" errors="0">
  <testcase name="testSignInButton" time="22.422" classname="testCases.TestLoginPage"/>
  <testcase name="testEmailBox" classname="testCases.TestLoginPage">
    <skipped/>
  </testcase> <!-- testEmailBox -->
  <testcase name="testInvalidPassword" classname="testCases.TestLoginPage">
    <skipped/>
  </testcase> <!-- testInvalidPassword -->
  <testcase name="testMyAccount" classname="testCases.TestLoginPage">
    <skipped/>
  </testcase> <!-- testMyAccount -->
  <testcase name="testInvalidEmail" classname="testCases.TestLoginPage">
    <skipped/>
  </testcase> <!-- testInvalidEmail -->
  <testcase name="testPasswordBox" classname="testCases.TestLoginPage">
    <skipped/>
  </testcase> <!-- testPasswordBox -->
</testsuite> <!-- testCases.TestLoginPage -->
