<?xml version="1.0" encoding="UTF-8"?>
<!-- Generated by org.testng.reporters.JUnitReportReporter -->
<testsuite skipped="6" hostname="DESKTOP-N7G69G5" name="testCases.TestHomePage" tests="7" failures="0" timestamp="11 Jan 2018 00:36:07 GMT" time="19.046" errors="0">
  <testcase name="testHeroImage" time="19.046" classname="testCases.TestHomePage"/>
  <testcase name="verifyApplianceTitle" classname="testCases.TestHomePage">
    <skipped/>
  </testcase> <!-- verifyApplianceTitle -->
  <testcase name="verifySearchButton" classname="testCases.TestHomePage">
    <skipped/>
  </testcase> <!-- verifySearchButton -->
  <testcase name="compareImageTextLink" classname="testCases.TestHomePage">
    <skipped/>
  </testcase> <!-- compareImageTextLink -->
  <testcase name="verifyShopRoomImgLink" classname="testCases.TestHomePage">
    <skipped/>
  </testcase> <!-- verifyShopRoomImgLink -->
  <testcase name="verifyBackToHomePage" classname="testCases.TestHomePage">
    <skipped/>
  </testcase> <!-- verifyBackToHomePage -->
  <testcase name="verifyShopRoomtextLink" classname="testCases.TestHomePage">
    <skipped/>
  </testcase> <!-- verifyShopRoomtextLink -->
</testsuite> <!-- testCases.TestHomePage -->
