<?xml version="1.0" encoding="UTF-8"?>
<!-- Generated by org.testng.reporters.JUnitReportReporter -->
<testsuite skipped="1" hostname="Jahid" name="testLoginPageObjects.testLoginPage" tests="1" failures="0" timestamp="26 Jan 2018 22:52:12 GMT" time="0.000" errors="0">
  <testcase name="testInvalidEmailInvalidPassword" time="0.000" classname="testLoginPageObjects.testLoginPage">
    <skipped/>
  </testcase> <!-- testInvalidEmailInvalidPassword -->
</testsuite> <!-- testLoginPageObjects.testLoginPage -->
