<?xml version="1.0" encoding="UTF-8"?>
<!-- Generated by org.testng.reporters.JUnitReportReporter -->
<testsuite skipped="3" hostname="Jahid" name="testSettingsPageObjects.testSettingsPage" tests="3" failures="0" timestamp="27 Jan 2018 01:23:50 GMT" time="0.000" errors="0">
  <testcase name="testPersonlizeCheckBox" time="0.000" classname="testSettingsPageObjects.testSettingsPage">
    <skipped/>
  </testcase> <!-- testPersonlizeCheckBox -->
  <testcase name="testPersonlizeDevicesCheckBox" time="0.000" classname="testSettingsPageObjects.testSettingsPage">
    <skipped/>
  </testcase> <!-- testPersonlizeDevicesCheckBox -->
  <testcase name="testTrackTwitterCheckBox" time="0.000" classname="testSettingsPageObjects.testSettingsPage">
    <skipped/>
  </testcase> <!-- testTrackTwitterCheckBox -->
</testsuite> <!-- testSettingsPageObjects.testSettingsPage -->
