<?xml version="1.0" encoding="UTF-8"?>
<!-- Generated by org.testng.reporters.JUnitReportReporter -->
<testsuite hostname="Jahid" failures="0" tests="1" name="testCases.TestHomePage" time="130.657" errors="0" timestamp="11 Jan 2018 21:22:35 GMT" skipped="0">
  <testcase classname="testCases.TestHomePage" name="testQuotesRequestForm" time="130.657"/>
</testsuite> <!-- testCases.TestHomePage -->
