<?xml version="1.0" encoding="UTF-8"?>
<!-- Generated by org.testng.reporters.JUnitReportReporter -->
<testsuite hostname="Jahid" failures="0" tests="11" name="testCases.TestHomePage" time="22.197" errors="0" timestamp="07 Jan 2018 16:09:24 GMT" skipped="10">
  <testcase classname="testCases.TestHomePage" name="checkLogoVisibility" time="22.197"/>
  <testcase classname="testCases.TestHomePage" name="categoriesList">
    <skipped/>
  </testcase> <!-- categoriesList -->
  <testcase classname="testCases.TestHomePage" name="testQuotesSearch">
    <skipped/>
  </testcase> <!-- testQuotesSearch -->
  <testcase classname="testCases.TestHomePage" name="testCategories">
    <skipped/>
  </testcase> <!-- testCategories -->
  <testcase classname="testCases.TestHomePage" name="testHompageButtonStatus">
    <skipped/>
  </testcase> <!-- testHompageButtonStatus -->
  <testcase classname="testCases.TestHomePage" name="testOptionsOfCategories">
    <skipped/>
  </testcase> <!-- testOptionsOfCategories -->
  <testcase classname="testCases.TestHomePage" name="sourcingSolutions">
    <skipped/>
  </testcase> <!-- sourcingSolutions -->
  <testcase classname="testCases.TestHomePage" name="testSupplierSearch">
    <skipped/>
  </testcase> <!-- testSupplierSearch -->
  <testcase classname="testCases.TestHomePage" name="testProductSearch">
    <skipped/>
  </testcase> <!-- testProductSearch -->
  <testcase classname="testCases.TestHomePage" name="orderProtectionButtonStatus">
    <skipped/>
  </testcase> <!-- orderProtectionButtonStatus -->
  <testcase classname="testCases.TestHomePage" name="signIn">
    <skipped/>
  </testcase> <!-- signIn -->
</testsuite> <!-- testCases.TestHomePage -->
