<?xml version="1.0" encoding="UTF-8"?>
<!-- Generated by org.testng.reporters.JUnitReportReporter -->
<testsuite hostname="Jahid" failures="0" tests="1" name="testSignInPageObjects.TestByInputFromExls" time="135.269" errors="0" timestamp="11 Jan 2018 06:02:11 GMT" skipped="0">
  <testcase classname="testSignInPageObjects.TestByInputFromExls" name="signInWithInvalidIdAndPassword" time="135.269"/>
</testsuite> <!-- testSignInPageObjects.TestByInputFromExls -->
