<?xml version="1.0" encoding="UTF-8"?>
<!-- Generated by org.testng.reporters.JUnitReportReporter -->
<testsuite hostname="Jahid" failures="0" tests="1" name="testCases.TestGoogleSheetsPage" time="99.077" errors="0" timestamp="12 Jan 2018 07:58:32 GMT" skipped="0">
  <testcase classname="testCases.TestGoogleSheetsPage" name="testLogInByInvalidIdPassUsingGoogleSheet" time="99.077"/>
</testsuite> <!-- testCases.TestGoogleSheetsPage -->
