<?xml version="1.0" encoding="UTF-8"?>
<!-- Generated by org.testng.reporters.JUnitReportReporter -->
<testsuite hostname="Jahid" failures="0" tests="1" name="testCases.TestSignInPage" time="0.000" errors="0" timestamp="11 Jan 2018 00:42:25 GMT" skipped="1">
  <testcase classname="testCases.TestSignInPage" name="signInWithInvalidIdTest" time="0.000">
    <skipped/>
  </testcase> <!-- signInWithInvalidIdTest -->
</testsuite> <!-- testCases.TestSignInPage -->
