<?xml version="1.0" encoding="UTF-8"?>
<!-- Generated by org.testng.reporters.JUnitReportReporter -->
<testsuite hostname="Jahid" failures="0" tests="1" name="testSignInPageObjects.TestGoogleSheetsPage" time="109.263" errors="0" timestamp="12 Jan 2018 15:53:00 GMT" skipped="0">
  <testcase classname="testSignInPageObjects.TestGoogleSheetsPage" name="testLogInByInvalidIdPassUsingGoogleSheet" time="109.263"/>
</testsuite> <!-- testSignInPageObjects.TestGoogleSheetsPage -->
