<?xml version="1.0" encoding="UTF-8"?>
<!-- Generated by org.testng.reporters.JUnitReportReporter -->
<testsuite hostname="Jahid" failures="0" tests="13" name="testSignInPageObjects.TestSignInPage" time="516.427" errors="0" timestamp="12 Jan 2018 16:17:02 GMT" skipped="1">
  <testcase classname="testSignInPageObjects.TestSignInPage" name="signInWithInvalidIdTest" time="44.444"/>
  <testcase classname="testSignInPageObjects.TestSignInPage" name="signInByMobileLinkStatusTest" time="41.043"/>
  <testcase classname="testSignInPageObjects.TestSignInPage" name="joinFreeLinkStatusTest" time="39.501"/>
  <testcase classname="testSignInPageObjects.TestSignInPage" name="facebookLinkStatusTest" time="39.598"/>
  <testcase classname="testSignInPageObjects.TestSignInPage" name="googleLinkStatusTest" time="38.488"/>
  <testcase classname="testSignInPageObjects.TestSignInPage" name="linkedInLinkStatusTest" time="45.168"/>
  <testcase classname="testSignInPageObjects.TestSignInPage" name="twitterLinkStatusTest" time="39.754"/>
  <testcase classname="testSignInPageObjects.TestSignInPage" name="signInByInvalidTwitterAccountTest" time="44.863"/>
  <testcase classname="testSignInPageObjects.TestSignInPage" name="signInByValidTwitterAccountTest" time="46.362"/>
  <testcase classname="testSignInPageObjects.TestSignInPage" name="signInByInvalidFacebookAccountTest" time="51.216"/>
  <testcase classname="testSignInPageObjects.TestSignInPage" name="signInByValidGoogleAccountTest" time="63.802"/>
  <testcase classname="testSignInPageObjects.TestSignInPage" name="getHelpHere" time="22.188"/>
  <testcase classname="testSignInPageObjects.TestSignInPage" name="signInByMobileNumberTest">
    <skipped/>
  </testcase> <!-- signInByMobileNumberTest -->
</testsuite> <!-- testSignInPageObjects.TestSignInPage -->
